<?xml version="1.0" encoding="UTF-8"?>
<testng-results skipped="0" failed="0" ignored="0" total="2" passed="2">
  <reporter-output>
  </reporter-output>
  <suite name="Default suite" duration-ms="113644" started-at="2019-02-01T09:47:59Z" finished-at="2019-02-01T09:49:53Z">
    <groups>
    </groups>
    <test name="Default test" duration-ms="113644" started-at="2019-02-01T09:47:59Z" finished-at="2019-02-01T09:49:53Z">
      <class name="swetha.sruthi.Ohrm">
        <test-method status="PASS" signature="login()[pri:0, instance:swetha.sruthi.Ohrm@43bd930a]" name="login" duration-ms="1046" started-at="2019-02-01T09:49:35Z" finished-at="2019-02-01T09:49:36Z">
          <reporter-output>
          </reporter-output>
        </test-method> <!-- login -->
      </class> <!-- swetha.sruthi.Ohrm -->
      <class name="swetha.sruthi.Hhhhhhhh">
        <test-method status="PASS" signature="lauchbroswer()[pri:0, instance:swetha.sruthi.Hhhhhhhh@33723e30]" name="lauchbroswer" is-config="true" duration-ms="58633" started-at="2019-02-01T09:47:59Z" finished-at="2019-02-01T09:48:58Z">
          <reporter-output>
          </reporter-output>
        </test-method> <!-- lauchbroswer -->
        <test-method status="PASS" signature="setup()[pri:0, instance:swetha.sruthi.Ohrm@43bd930a]" name="setup" is-config="true" duration-ms="36746" started-at="2019-02-01T09:48:58Z" finished-at="2019-02-01T09:49:35Z">
          <reporter-output>
          </reporter-output>
        </test-method> <!-- setup -->
        <test-method status="PASS" signature="navigate()[pri:0, instance:swetha.sruthi.Hhhhhhhh@33723e30]" name="navigate" duration-ms="5766" started-at="2019-02-01T09:49:36Z" finished-at="2019-02-01T09:49:41Z">
          <reporter-output>
          </reporter-output>
        </test-method> <!-- navigate -->
        <test-method status="PASS" signature="teardown()[pri:0, instance:swetha.sruthi.Hhhhhhhh@33723e30]" name="teardown" is-config="true" duration-ms="128" started-at="2019-02-01T09:49:41Z" finished-at="2019-02-01T09:49:42Z">
          <reporter-output>
          </reporter-output>
        </test-method> <!-- teardown -->
        <test-method status="PASS" signature="teardown()[pri:0, instance:swetha.sruthi.Ohrm@43bd930a]" name="teardown" is-config="true" duration-ms="11293" started-at="2019-02-01T09:49:42Z" finished-at="2019-02-01T09:49:53Z">
          <reporter-output>
          </reporter-output>
        </test-method> <!-- teardown -->
      </class> <!-- swetha.sruthi.Hhhhhhhh -->
    </test> <!-- Default test -->
  </suite> <!-- Default suite -->
</testng-results>
