<?xml version="1.0" encoding="UTF-8"?>
<testng-results skipped="0" failed="0" total="1" passed="1">
  <reporter-output>
  </reporter-output>
  <suite name="ohrm" duration-ms="41969" started-at="2019-02-02T11:01:34Z" finished-at="2019-02-02T11:02:16Z">
    <groups>
    </groups>
    <test name="login" duration-ms="41969" started-at="2019-02-02T11:01:34Z" finished-at="2019-02-02T11:02:16Z">
      <class name="Ohrm.Login">
        <test-method status="PASS" signature="login()[pri:0, instance:Ohrm.Login@62043840]" name="login" duration-ms="41953" started-at="2019-02-02T16:31:34Z" finished-at="2019-02-02T16:32:16Z">
          <reporter-output>
          </reporter-output>
        </test-method> <!-- login -->
      </class> <!-- Ohrm.Login -->
    </test> <!-- login -->
  </suite> <!-- ohrm -->
</testng-results>
